<?xml version="1.0" encoding="UTF-8"?>
<!-- Generated by org.testng.reporters.JUnitReportReporter -->
<testsuite hostname="TYSS-Nuthan" failures="0" tests="1" name="TestScripts.BooksVerification" time="8.039" errors="0" timestamp="2024-01-24T10:17:04 IST" skipped="0">
  <testcase classname="TestScripts.BooksVerification" name="BooksVerify" time="8.039"/>
  <system-out/>
</testsuite> <!-- TestScripts.BooksVerification -->
