<?xml version="1.0" encoding="UTF-8"?>
<!-- Generated by org.testng.reporters.JUnitReportReporter -->
<testsuite hostname="TYSS-Nuthan" failures="0" tests="1" name="TestScripts.DigitialDownlaodsPOM" time="20.048" errors="0" timestamp="2024-01-24T10:17:04 IST" skipped="0">
  <testcase classname="TestScripts.DigitialDownlaodsPOM" name="DigitalDown" time="20.048"/>
  <system-out>
    <![CDATA[successfully navigated to DemoWebShop
sucessfully navigated to digital Downlaod
sucessfully removed all the products from cart]]>
  </system-out>
</testsuite> <!-- TestScripts.DigitialDownlaodsPOM -->
